Music Player/Music Player/Stage 4/build/intermediates/manifest_merge_blame_file/debug/manifest-merger-blame-debug-report.txt
1<?xml version="1.0" encoding="utf-8"?>
2<manifest xmlns:android="http://schemas.android.com/apk/res/android"
3    package="com.example.boss"
4    android:versionCode="1"
5    android:versionName="1.0" >
6
7    <uses-sdk
8        android:minSdkVersion="21"
8-->src\main\AndroidManifest.xml
9        android:targetSdkVersion="31" />
9-->src\main\AndroidManifest.xml
10
11    <uses-permission android:name="android.permission.WAKE_LOCK" />
11-->src\main\AndroidManifest.xml:5:3-66
11-->src\main\AndroidManifest.xml:5:20-63
12    <uses-permission android:name="android.permission.READ_EXTERNAL_STORAGE" />
12-->src\main\AndroidManifest.xml:6:3-78
12-->src\main\AndroidManifest.xml:6:20-75
13    <uses-permission android:name="android.permission.WRITE_EXTERNAL_STORAGE" />
13-->src\main\AndroidManifest.xml:7:3-79
13-->src\main\AndroidManifest.xml:7:20-76
14
15    <application
15-->src\main\AndroidManifest.xml:9:3-22:17
16        android:allowBackup="true"
16-->src\main\AndroidManifest.xml:10:7-33
17        android:appComponentFactory="androidx.core.app.CoreComponentFactory"
17-->[androidx.core:core:1.6.0] AndroidManifest.xml:24:18-86
18        android:debuggable="true"
19        android:label="@string/app_name"
19-->src\main\AndroidManifest.xml:11:7-39
20        android:supportsRtl="true"
20-->src\main\AndroidManifest.xml:12:7-33
21        android:testOnly="true"
22        android:theme="@style/AppTheme" >
22-->src\main\AndroidManifest.xml:13:7-38
23        <activity
23-->src\main\AndroidManifest.xml:15:5-21:16
24            android:name="com.example.boss.MainActivity"
24-->src\main\AndroidManifest.xml:15:15-43
25            android:exported="true" >
25-->src\main\AndroidManifest.xml:16:9-32
26            <intent-filter>
26-->src\main\AndroidManifest.xml:17:7-20:23
27                <action android:name="android.intent.action.MAIN" />
27-->src\main\AndroidManifest.xml:18:9-60
27-->src\main\AndroidManifest.xml:18:17-58
28
29                <category android:name="android.intent.category.LAUNCHER" />
29-->src\main\AndroidManifest.xml:19:9-68
29-->src\main\AndroidManifest.xml:19:19-66
30            </intent-filter>
31        </activity>
32    </application>
33
34</manifest>